<?xml version="1.0" encoding="UTF-8"?>
<!-- Generated by org.testng.reporters.JUnitReportReporter -->
<testsuite hostname="DESKTOP-U5HF47H" failures="0" tests="1" name="com.inetbanking.testCases.TC_AddNewCustomer_002" time="11.802" errors="0" timestamp="27 May 2019 09:33:07 GMT" skipped="0">
  <testcase classname="com.inetbanking.testCases.TC_AddNewCustomer_002" name="addNewCustomer" time="11.802"/>
</testsuite> <!-- com.inetbanking.testCases.TC_AddNewCustomer_002 -->
