<?xml version="1.0" encoding="UTF-8"?>
<!-- Generated by org.testng.reporters.JUnitReportReporter -->
<testsuite hostname="DESKTOP-U5HF47H" failures="0" tests="1" name="com.sample.firstmavenproject.GoogleSearchTest" time="18.051" errors="0" timestamp="21 May 2019 08:30:21 GMT" skipped="0">
  <testcase classname="com.sample.firstmavenproject.GoogleSearchTest" name="getPageTitle" time="18.051"/>
</testsuite> <!-- com.sample.firstmavenproject.GoogleSearchTest -->
